Device: cuda
Loading trial manifest from C:\Users\Anshul Banda\Desktop\ShravanAI\fall-project\data\harmonized\manifest.parquet...
Building dense windows manifest (this can take a while on the full KFall set)...
  348941 windows across 32 subjects
  label distribution: {'non_fall': 249970, 'fall': 83059, 'pre_impact': 15912}
Running 8 of 32 total LOSO folds.

[1/8] Fold: test_subject=kfall_SA06
    [1/8] epoch   1/20  train_loss=0.0870  val_loss=0.0741  (620.7s/epoch)
    [1/8] epoch   2/20  train_loss=0.0742  val_loss=0.0677  (456.6s/epoch)
    [1/8] epoch   3/20  train_loss=0.0670  val_loss=0.0633  (481.0s/epoch)
    [1/8] epoch   4/20  train_loss=0.0622  val_loss=0.0596  (490.1s/epoch)
    [1/8] epoch   5/20  train_loss=0.0587  val_loss=0.0578  (468.4s/epoch)
    [1/8] epoch   6/20  train_loss=0.0551  val_loss=0.0569  (314.8s/epoch)
    [1/8] epoch   7/20  train_loss=0.0532  val_loss=0.0569  (270.3s/epoch)
    [1/8] epoch   8/20  train_loss=0.0501  val_loss=0.0557  (259.0s/epoch)
    [1/8] epoch   9/20  train_loss=0.0483  val_loss=0.0641  (254.4s/epoch)
    [1/8] epoch  10/20  train_loss=0.0477  val_loss=0.0678  (265.9s/epoch)
    [1/8] epoch  11/20  train_loss=0.0455  val_loss=0.0674  (270.6s/epoch)
    [1/8] epoch  12/20  train_loss=0.0434  val_loss=0.0723  (258.3s/epoch)
    [1/8] epoch  13/20  train_loss=0.0416  val_loss=0.0771  (253.6s/epoch)
  best_epoch=8  best_val_loss=0.0557
              precision    recall  f1-score   support

    non_fall       0.95      0.60      0.73      7594
  pre_impact       0.08      0.73      0.15       462
        fall       0.72      0.48      0.57      2391

    accuracy                           0.58     10447
   macro avg       0.58      0.60      0.49     10447
weighted avg       0.86      0.58      0.67     10447

  lead time: {'n_fall_trials': 67, 'n_flagged': 66, 'detection_rate': 0.9850746268656716, 'mean_lead_time_ms': 2774.3939393939395, 'median_lead_time_ms': 2880.0}
  fold took 77.9 min  (avg 77.9 min/fold so far, ~546 min remaining for this run)

[2/8] Fold: test_subject=kfall_SA07
    [2/8] epoch   1/20  train_loss=0.0872  val_loss=0.0722  (294.2s/epoch)
    [2/8] epoch   2/20  train_loss=0.0748  val_loss=0.0662  (262.9s/epoch)
    [2/8] epoch   3/20  train_loss=0.0680  val_loss=0.0670  (260.1s/epoch)
    [2/8] epoch   4/20  train_loss=0.0629  val_loss=0.0625  (261.0s/epoch)
    [2/8] epoch   5/20  train_loss=0.0590  val_loss=0.0610  (258.8s/epoch)
    [2/8] epoch   6/20  train_loss=0.0559  val_loss=0.0600  (258.9s/epoch)
    [2/8] epoch   7/20  train_loss=0.0543  val_loss=0.0619  (257.4s/epoch)
    [2/8] epoch   8/20  train_loss=0.0512  val_loss=0.0644  (253.7s/epoch)
    [2/8] epoch   9/20  train_loss=0.0490  val_loss=0.0608  (250.8s/epoch)
    [2/8] epoch  10/20  train_loss=0.0467  val_loss=0.0657  (248.9s/epoch)
    [2/8] epoch  11/20  train_loss=0.0452  val_loss=0.0668  (248.3s/epoch)
  best_epoch=6  best_val_loss=0.0600
              precision    recall  f1-score   support

    non_fall       0.91      0.68      0.78      8078
  pre_impact       0.09      0.65      0.17       417
        fall       0.60      0.48      0.54      1947

    accuracy                           0.64     10442
   macro avg       0.54      0.60      0.49     10442
weighted avg       0.82      0.64      0.71     10442

  lead time: {'n_fall_trials': 50, 'n_flagged': 50, 'detection_rate': 1.0, 'mean_lead_time_ms': 3408.2, 'median_lead_time_ms': 3060.0}
  fold took 47.7 min  (avg 62.8 min/fold so far, ~377 min remaining for this run)

[3/8] Fold: test_subject=kfall_SA08
    [3/8] epoch   1/20  train_loss=0.0878  val_loss=0.0727  (259.2s/epoch)
    [3/8] epoch   2/20  train_loss=0.0734  val_loss=0.0655  (251.6s/epoch)
    [3/8] epoch   3/20  train_loss=0.0669  val_loss=0.0615  (249.7s/epoch)
    [3/8] epoch   4/20  train_loss=0.0627  val_loss=0.0621  (246.3s/epoch)
    [3/8] epoch   5/20  train_loss=0.0592  val_loss=0.0607  (245.7s/epoch)
    [3/8] epoch   6/20  train_loss=0.0563  val_loss=0.0577  (245.6s/epoch)
    [3/8] epoch   7/20  train_loss=0.0536  val_loss=0.0605  (237.4s/epoch)
    [3/8] epoch   8/20  train_loss=0.0515  val_loss=0.0608  (351.0s/epoch)
    [3/8] epoch   9/20  train_loss=0.0494  val_loss=0.0617  (362.0s/epoch)
    [3/8] epoch  10/20  train_loss=0.0472  val_loss=0.0679  (381.2s/epoch)
    [3/8] epoch  11/20  train_loss=0.0462  val_loss=0.0671  (399.9s/epoch)
  best_epoch=6  best_val_loss=0.0577
              precision    recall  f1-score   support

    non_fall       0.96      0.71      0.81      7846
  pre_impact       0.14      0.86      0.24       464
        fall       0.69      0.58      0.63      2821

    accuracy                           0.68     11131
   macro avg       0.59      0.72      0.56     11131
weighted avg       0.85      0.68      0.74     11131

  lead time: {'n_fall_trials': 71, 'n_flagged': 71, 'detection_rate': 1.0, 'mean_lead_time_ms': 2891.1267605633802, 'median_lead_time_ms': 2670.0}
  fold took 54.2 min  (avg 59.9 min/fold so far, ~300 min remaining for this run)

[4/8] Fold: test_subject=kfall_SA09
    [4/8] epoch   1/20  train_loss=0.0880  val_loss=0.0820  (513.7s/epoch)
    [4/8] epoch   2/20  train_loss=0.0751  val_loss=0.0700  (394.3s/epoch)
    [4/8] epoch   3/20  train_loss=0.0682  val_loss=0.0639  (238.4s/epoch)
    [4/8] epoch   4/20  train_loss=0.0632  val_loss=0.0632  (213.3s/epoch)
    [4/8] epoch   5/20  train_loss=0.0592  val_loss=0.0700  (209.0s/epoch)
    [4/8] epoch   6/20  train_loss=0.0559  val_loss=0.0587  (208.3s/epoch)
    [4/8] epoch   7/20  train_loss=0.0534  val_loss=0.0600  (209.9s/epoch)
    [4/8] epoch   8/20  train_loss=0.0510  val_loss=0.0617  (208.7s/epoch)
    [4/8] epoch   9/20  train_loss=0.0489  val_loss=0.0632  (207.1s/epoch)
    [4/8] epoch  10/20  train_loss=0.0472  val_loss=0.0660  (207.6s/epoch)
    [4/8] epoch  11/20  train_loss=0.0460  val_loss=0.0652  (209.9s/epoch)
  best_epoch=6  best_val_loss=0.0587
              precision    recall  f1-score   support

    non_fall       0.95      0.68      0.79      7351
  pre_impact       0.15      0.84      0.25       537
        fall       0.70      0.60      0.65      2757

    accuracy                           0.67     10645
   macro avg       0.60      0.71      0.56     10645
weighted avg       0.84      0.67      0.73     10645

  lead time: {'n_fall_trials': 74, 'n_flagged': 74, 'detection_rate': 1.0, 'mean_lead_time_ms': 2724.054054054054, 'median_lead_time_ms': 2700.0}
  fold took 47.1 min  (avg 56.7 min/fold so far, ~227 min remaining for this run)

[5/8] Fold: test_subject=kfall_SA10
    [5/8] epoch   1/20  train_loss=0.0874  val_loss=0.0731  (225.8s/epoch)
    [5/8] epoch   2/20  train_loss=0.0739  val_loss=0.0660  (208.0s/epoch)
    [5/8] epoch   3/20  train_loss=0.0669  val_loss=0.0623  (208.9s/epoch)
    [5/8] epoch   4/20  train_loss=0.0620  val_loss=0.0623  (209.9s/epoch)
    [5/8] epoch   5/20  train_loss=0.0580  val_loss=0.0623  (209.2s/epoch)
    [5/8] epoch   6/20  train_loss=0.0547  val_loss=0.0637  (209.7s/epoch)
    [5/8] epoch   7/20  train_loss=0.0519  val_loss=0.0626  (208.0s/epoch)
    [5/8] epoch   8/20  train_loss=0.0503  val_loss=0.0641  (208.6s/epoch)
  best_epoch=3  best_val_loss=0.0623
              precision    recall  f1-score   support

    non_fall       0.94      0.59      0.72      7912
  pre_impact       0.12      0.73      0.20       501
        fall       0.53      0.59      0.56      2765

    accuracy                           0.60     11178
   macro avg       0.53      0.64      0.49     11178
weighted avg       0.80      0.60      0.66     11178

  lead time: {'n_fall_trials': 68, 'n_flagged': 68, 'detection_rate': 1.0, 'mean_lead_time_ms': 2687.0588235294117, 'median_lead_time_ms': 2775.0}
  fold took 28.2 min  (avg 51.0 min/fold so far, ~153 min remaining for this run)

[6/8] Fold: test_subject=kfall_SA11
    [6/8] epoch   1/20  train_loss=0.0881  val_loss=0.0737  (224.8s/epoch)
    [6/8] epoch   2/20  train_loss=0.0750  val_loss=0.0667  (206.5s/epoch)
    [6/8] epoch   3/20  train_loss=0.0680  val_loss=0.0635  (206.4s/epoch)
    [6/8] epoch   4/20  train_loss=0.0630  val_loss=0.0590  (207.6s/epoch)
    [6/8] epoch   5/20  train_loss=0.0592  val_loss=0.0585  (207.7s/epoch)
    [6/8] epoch   6/20  train_loss=0.0569  val_loss=0.0588  (208.1s/epoch)
    [6/8] epoch   7/20  train_loss=0.0538  val_loss=0.0574  (207.2s/epoch)
    [6/8] epoch   8/20  train_loss=0.0523  val_loss=0.0574  (207.2s/epoch)
    [6/8] epoch   9/20  train_loss=0.0497  val_loss=0.0571  (207.0s/epoch)
    [6/8] epoch  10/20  train_loss=0.0486  val_loss=0.0573  (207.9s/epoch)
    [6/8] epoch  11/20  train_loss=0.0464  val_loss=0.0569  (207.0s/epoch)
    [6/8] epoch  12/20  train_loss=0.0455  val_loss=0.0570  (207.4s/epoch)
    [6/8] epoch  13/20  train_loss=0.0442  val_loss=0.0612  (207.7s/epoch)
    [6/8] epoch  14/20  train_loss=0.0424  val_loss=0.0659  (208.4s/epoch)
    [6/8] epoch  15/20  train_loss=0.0411  val_loss=0.0618  (206.3s/epoch)
    [6/8] epoch  16/20  train_loss=0.0399  val_loss=0.0631  (206.6s/epoch)
  best_epoch=11  best_val_loss=0.0569
              precision    recall  f1-score   support

    non_fall       0.95      0.64      0.76      8650
  pre_impact       0.11      0.84      0.19       453
        fall       0.60      0.57      0.59      2617

    accuracy                           0.63     11720
   macro avg       0.55      0.68      0.51     11720
weighted avg       0.84      0.63      0.70     11720

  lead time: {'n_fall_trials': 68, 'n_flagged': 68, 'detection_rate': 1.0, 'mean_lead_time_ms': 3212.205882352941, 'median_lead_time_ms': 3130.0}
  fold took 55.7 min  (avg 51.8 min/fold so far, ~104 min remaining for this run)

[7/8] Fold: test_subject=kfall_SA12
    [7/8] epoch   1/20  train_loss=0.0856  val_loss=0.0786  (226.2s/epoch)
    [7/8] epoch   2/20  train_loss=0.0723  val_loss=0.0697  (209.4s/epoch)
    [7/8] epoch   3/20  train_loss=0.0655  val_loss=0.0629  (208.9s/epoch)
    [7/8] epoch   4/20  train_loss=0.0606  val_loss=0.0599  (208.5s/epoch)
    [7/8] epoch   5/20  train_loss=0.0567  val_loss=0.0581  (208.9s/epoch)
    [7/8] epoch   6/20  train_loss=0.0540  val_loss=0.0581  (209.8s/epoch)
    [7/8] epoch   7/20  train_loss=0.0511  val_loss=0.0603  (209.0s/epoch)
    [7/8] epoch   8/20  train_loss=0.0487  val_loss=0.0594  (209.7s/epoch)
    [7/8] epoch   9/20  train_loss=0.0478  val_loss=0.0601  (209.1s/epoch)
    [7/8] epoch  10/20  train_loss=0.0471  val_loss=0.0580  (208.2s/epoch)
    [7/8] epoch  11/20  train_loss=0.0439  val_loss=0.0635  (209.3s/epoch)
    [7/8] epoch  12/20  train_loss=0.0418  val_loss=0.0596  (209.4s/epoch)
    [7/8] epoch  13/20  train_loss=0.0406  val_loss=0.0764  (208.8s/epoch)
    [7/8] epoch  14/20  train_loss=0.0395  val_loss=0.0724  (209.4s/epoch)
    [7/8] epoch  15/20  train_loss=0.0380  val_loss=0.0832  (210.8s/epoch)
  best_epoch=10  best_val_loss=0.0580
              precision    recall  f1-score   support

    non_fall       0.93      0.67      0.78      6304
  pre_impact       0.16      0.85      0.27       531
        fall       0.65      0.51      0.57      2527

    accuracy                           0.64      9362
   macro avg       0.58      0.68      0.54      9362
weighted avg       0.81      0.64      0.69      9362

  lead time: {'n_fall_trials': 74, 'n_flagged': 74, 'detection_rate': 1.0, 'mean_lead_time_ms': 3058.2432432432433, 'median_lead_time_ms': 3060.0}
  fold took 52.7 min  (avg 51.9 min/fold so far, ~52 min remaining for this run)

[8/8] Fold: test_subject=kfall_SA13
    [8/8] epoch   1/20  train_loss=0.0895  val_loss=0.0785  (224.1s/epoch)
    [8/8] epoch   2/20  train_loss=0.0755  val_loss=0.0766  (207.9s/epoch)
    [8/8] epoch   3/20  train_loss=0.0686  val_loss=0.0692  (206.8s/epoch)
    [8/8] epoch   4/20  train_loss=0.0639  val_loss=0.0635  (207.0s/epoch)
    [8/8] epoch   5/20  train_loss=0.0610  val_loss=0.0652  (206.9s/epoch)
    [8/8] epoch   6/20  train_loss=0.0582  val_loss=0.0772  (207.4s/epoch)
    [8/8] epoch   7/20  train_loss=0.0556  val_loss=0.0667  (207.2s/epoch)
    [8/8] epoch   8/20  train_loss=0.0534  val_loss=0.0622  (207.2s/epoch)
    [8/8] epoch   9/20  train_loss=0.0517  val_loss=0.0665  (207.5s/epoch)
    [8/8] epoch  10/20  train_loss=0.0491  val_loss=0.0709  (212.0s/epoch)
    [8/8] epoch  11/20  train_loss=0.0473  val_loss=0.0661  (206.9s/epoch)
    [8/8] epoch  12/20  train_loss=0.0466  val_loss=0.0687  (206.4s/epoch)
    [8/8] epoch  13/20  train_loss=0.0447  val_loss=0.0694  (207.3s/epoch)
  best_epoch=8  best_val_loss=0.0622
              precision    recall  f1-score   support

    non_fall       0.96      0.53      0.69      8481
  pre_impact       0.10      0.88      0.17       417
        fall       0.56      0.62      0.59      2627

    accuracy                           0.57     11525
   macro avg       0.54      0.68      0.48     11525
weighted avg       0.83      0.57      0.64     11525

  lead time: {'n_fall_trials': 71, 'n_flagged': 71, 'detection_rate': 1.0, 'mean_lead_time_ms': 3410.1408450704225, 'median_lead_time_ms': 3430.0}
  fold took 45.4 min  (avg 51.1 min/fold so far, ~0 min remaining for this run)

Report saved to C:\Users\Anshul Banda\Desktop\ShravanAI\fall-project\results\prediction_model\convlstm_loso_report.json
